# JRE version: OpenJDK Runtime Environment (8.0_112-b06) (build 1.8.0_112-release-b06)
# Java VM: OpenJDK 64-Bit Server VM (25.112-b06 mixed mode windows-amd64 compressed oops)
Heap:
 PSYoungGen      total 129024K, used 56493K [0x00000000e0000000, 0x00000000e8e80000, 0x0000000100000000)
  eden space 116224K, 37% used [0x00000000e0000000,0x00000000e2aae4f0,0x00000000e7180000)
  from space 12800K, 99% used [0x00000000e7180000,0x00000000e7dfd2c0,0x00000000e7e00000)
  to   space 13312K, 0% used [0x00000000e7e00000,0x00000000e7e00000,0x00000000e8b00000)
 ParOldGen       total 196608K, used 18349K [0x00000000a0000000, 0x00000000ac000000, 0x00000000e0000000)
  object space 196608K, 9% used [0x00000000a0000000,0x00000000a11eb728,0x00000000ac000000)
 Metaspace       used 51689K, capacity 53136K, committed 53376K, reserved 1095680K
  class space    used 6903K, capacity 7248K, committed 7296K, reserved 1048576K
GC Heap History (10 events):
Event: 2.699 GC heap before
{Heap before GC invocations=5 (full 1):
 PSYoungGen      total 75264K, used 72426K [0x00000000e0000000, 0x00000000e6900000, 0x0000000100000000)
  eden space 64512K, 100% used [0x00000000e0000000,0x00000000e3f00000,0x00000000e3f00000)
  from space 10752K, 73% used [0x00000000e3f00000,0x00000000e46baac0,0x00000000e4980000)
  to   space 10752K, 0% used [0x00000000e5e80000,0x00000000e5e80000,0x00000000e6900000)
 ParOldGen       total 122368K, used 12691K [0x00000000a0000000, 0x00000000a7780000, 0x00000000e0000000)
  object space 122368K, 10% used [0x00000000a0000000,0x00000000a0c64c88,0x00000000a7780000)
 Metaspace       used 32651K, capacity 33194K, committed 33280K, reserved 1077248K
  class space    used 4378K, capacity 4550K, committed 4608K, reserved 1048576K
Event: 2.706 GC heap after
Heap after GC invocations=5 (full 1):
 PSYoungGen      total 96768K, used 10698K [0x00000000e0000000, 0x00000000e6c80000, 0x0000000100000000)
  eden space 86016K, 0% used [0x00000000e0000000,0x00000000e0000000,0x00000000e5400000)
  from space 10752K, 99% used [0x00000000e5e80000,0x00000000e68f2b78,0x00000000e6900000)
  to   space 10752K, 0% used [0x00000000e5400000,0x00000000e5400000,0x00000000e5e80000)
 ParOldGen       total 122368K, used 12699K [0x00000000a0000000, 0x00000000a7780000, 0x00000000e0000000)
  object space 122368K, 10% used [0x00000000a0000000,0x00000000a0c66c88,0x00000000a7780000)
 Metaspace       used 32651K, capacity 33194K, committed 33280K, reserved 1077248K
  class space    used 4378K, capacity 4550K, committed 4608K, reserved 1048576K
}
Event: 4.395 GC heap before
{Heap before GC invocations=6 (full 1):
 PSYoungGen      total 96768K, used 59500K [0x00000000e0000000, 0x00000000e6c80000, 0x0000000100000000)
  eden space 86016K, 56% used [0x00000000e0000000,0x00000000e2fa87a8,0x00000000e5400000)
  from space 10752K, 99% used [0x00000000e5e80000,0x00000000e68f2b78,0x00000000e6900000)
  to   space 10752K, 0% used [0x00000000e5400000,0x00000000e5400000,0x00000000e5e80000)
 ParOldGen       total 122368K, used 12699K [0x00000000a0000000, 0x00000000a7780000, 0x00000000e0000000)
  object space 122368K, 10% used [0x00000000a0000000,0x00000000a0c66c88,0x00000000a7780000)
 Metaspace       used 34566K, capacity 35308K, committed 35416K, reserved 1079296K
  class space    used 4575K, capacity 4785K, committed 4864K, reserved 1048576K
Event: 4.399 GC heap after
Heap after GC invocations=6 (full 1):
 PSYoungGen      total 96768K, used 10056K [0x00000000e0000000, 0x00000000e8b00000, 0x0000000100000000)
  eden space 86016K, 0% used [0x00000000e0000000,0x00000000e0000000,0x00000000e5400000)
  from space 10752K, 93% used [0x00000000e5400000,0x00000000e5dd2260,0x00000000e5e80000)
  to   space 13312K, 0% used [0x00000000e7e00000,0x00000000e7e00000,0x00000000e8b00000)
 ParOldGen       total 122368K, used 12771K [0x00000000a0000000, 0x00000000a7780000, 0x00000000e0000000)
  object space 122368K, 10% used [0x00000000a0000000,0x00000000a0c78c98,0x00000000a7780000)
 Metaspace       used 34566K, capacity 35308K, committed 35416K, reserved 1079296K
  class space    used 4575K, capacity 4785K, committed 4864K, reserved 1048576K
}
Event: 4.399 GC heap before
{Heap before GC invocations=7 (full 2):
 PSYoungGen      total 96768K, used 10056K [0x00000000e0000000, 0x00000000e8b00000, 0x0000000100000000)
  eden space 86016K, 0% used [0x00000000e0000000,0x00000000e0000000,0x00000000e5400000)
  from space 10752K, 93% used [0x00000000e5400000,0x00000000e5dd2260,0x00000000e5e80000)
  to   space 13312K, 0% used [0x00000000e7e00000,0x00000000e7e00000,0x00000000e8b00000)
 ParOldGen       total 122368K, used 12771K [0x00000000a0000000, 0x00000000a7780000, 0x00000000e0000000)
  object space 122368K, 10% used [0x00000000a0000000,0x00000000a0c78c98,0x00000000a7780000)
 Metaspace       used 34566K, capacity 35308K, committed 35416K, reserved 1079296K
  class space    used 4575K, capacity 4785K, committed 4864K, reserved 1048576K
Event: 4.446 GC heap after
Heap after GC invocations=7 (full 2):
 PSYoungGen      total 96768K, used 0K [0x00000000e0000000, 0x00000000e8b00000, 0x0000000100000000)
  eden space 86016K, 0% used [0x00000000e0000000,0x00000000e0000000,0x00000000e5400000)
  from space 10752K, 0% used [0x00000000e5400000,0x00000000e5400000,0x00000000e5e80000)
  to   space 13312K, 0% used [0x00000000e7e00000,0x00000000e7e00000,0x00000000e8b00000)
 ParOldGen       total 196608K, used 15754K [0x00000000a0000000, 0x00000000ac000000, 0x00000000e0000000)
  object space 196608K, 8% used [0x00000000a0000000,0x00000000a0f62be0,0x00000000ac000000)
 Metaspace       used 34480K, capacity 35148K, committed 35416K, reserved 1079296K
  class space    used 4546K, capacity 4753K, committed 4864K, reserved 1048576K
}
Event: 4.926 GC heap before
{Heap before GC invocations=8 (full 2):
 PSYoungGen      total 96768K, used 86016K [0x00000000e0000000, 0x00000000e8b00000, 0x0000000100000000)
  eden space 86016K, 100% used [0x00000000e0000000,0x00000000e5400000,0x00000000e5400000)
  from space 10752K, 0% used [0x00000000e5400000,0x00000000e5400000,0x00000000e5e80000)
  to   space 13312K, 0% used [0x00000000e7e00000,0x00000000e7e00000,0x00000000e8b00000)
 ParOldGen       total 196608K, used 15754K [0x00000000a0000000, 0x00000000ac000000, 0x00000000e0000000)
  object space 196608K, 8% used [0x00000000a0000000,0x00000000a0f62be0,0x00000000ac000000)
 Metaspace       used 40700K, capacity 41448K, committed 41728K, reserved 1085440K
  class space    used 5328K, capacity 5545K, committed 5632K, reserved 1048576K
Event: 4.935 GC heap after
Heap after GC invocations=8 (full 2):
 PSYoungGen      total 129536K, used 9385K [0x00000000e0000000, 0x00000000e8e80000, 0x0000000100000000)
  eden space 116224K, 0% used [0x00000000e0000000,0x00000000e0000000,0x00000000e7180000)
  from space 13312K, 70% used [0x00000000e7e00000,0x00000000e872a6d8,0x00000000e8b00000)
  to   space 12800K, 0% used [0x00000000e7180000,0x00000000e7180000,0x00000000e7e00000)
 ParOldGen       total 196608K, used 15762K [0x00000000a0000000, 0x00000000ac000000, 0x00000000e0000000)
  object space 196608K, 8% used [0x00000000a0000000,0x00000000a0f64be0,0x00000000ac000000)
 Metaspace       used 40700K, capacity 41448K, committed 41728K, reserved 1085440K
  class space    used 5328K, capacity 5545K, committed 5632K, reserved 1048576K
}
Event: 5.906 GC heap before
{Heap before GC invocations=9 (full 2):
 PSYoungGen      total 129536K, used 125609K [0x00000000e0000000, 0x00000000e8e80000, 0x0000000100000000)
  eden space 116224K, 100% used [0x00000000e0000000,0x00000000e7180000,0x00000000e7180000)
  from space 13312K, 70% used [0x00000000e7e00000,0x00000000e872a6d8,0x00000000e8b00000)
  to   space 12800K, 0% used [0x00000000e7180000,0x00000000e7180000,0x00000000e7e00000)
 ParOldGen       total 196608K, used 15762K [0x00000000a0000000, 0x00000000ac000000, 0x00000000e0000000)
  object space 196608K, 8% used [0x00000000a0000000,0x00000000a0f64be0,0x00000000ac000000)
 Metaspace       used 48754K, capacity 49992K, committed 50176K, reserved 1093632K
  class space    used 6463K, capacity 6770K, committed 6912K, reserved 1048576K
Event: 5.916 GC heap after
Heap after GC invocations=9 (full 2):
 PSYoungGen      total 129024K, used 12788K [0x00000000e0000000, 0x00000000e8e80000, 0x0000000100000000)
  eden space 116224K, 0% used [0x00000000e0000000,0x00000000e0000000,0x00000000e7180000)
  from space 12800K, 99% used [0x00000000e7180000,0x00000000e7dfd2c0,0x00000000e7e00000)
  to   space 13312K, 0% used [0x00000000e7e00000,0x00000000e7e00000,0x00000000e8b00000)
 ParOldGen       total 196608K, used 18349K [0x00000000a0000000, 0x00000000ac000000, 0x00000000e0000000)
  object space 196608K, 9% used [0x00000000a0000000,0x00000000a11eb728,0x00000000ac000000)
 Metaspace       used 48754K, capacity 49992K, committed 50176K, reserved 1093632K
  class space    used 6463K, capacity 6770K, committed 6912K, reserved 1048576K
}

