# JRE version: OpenJDK Runtime Environment (8.0_112-b06) (build 1.8.0_112-release-b06)
# Java VM: OpenJDK 64-Bit Server VM (25.112-b06 mixed mode windows-amd64 compressed oops)
Heap:
 PSYoungGen      total 97280K, used 52658K [0x00000000e0000000, 0x00000000e6980000, 0x0000000100000000)
  eden space 86528K, 48% used [0x00000000e0000000,0x00000000e28ec9a8,0x00000000e5480000)
  from space 10752K, 100% used [0x00000000e5480000,0x00000000e5f00000,0x00000000e5f00000)
  to   space 10752K, 0% used [0x00000000e5f00000,0x00000000e5f00000,0x00000000e6980000)
 ParOldGen       total 123392K, used 20732K [0x00000000a0000000, 0x00000000a7880000, 0x00000000e0000000)
  object space 123392K, 16% used [0x00000000a0000000,0x00000000a143f198,0x00000000a7880000)
 Metaspace       used 48497K, capacity 50020K, committed 50304K, reserved 1093632K
  class space    used 6614K, capacity 6958K, committed 7040K, reserved 1048576K
GC Heap History (10 events):
Event: 2.533 GC heap before
{Heap before GC invocations=5 (full 1):
 PSYoungGen      total 75264K, used 72546K [0x00000000e0000000, 0x00000000e6980000, 0x0000000100000000)
  eden space 64512K, 100% used [0x00000000e0000000,0x00000000e3f00000,0x00000000e3f00000)
  from space 10752K, 74% used [0x00000000e3f00000,0x00000000e46d8918,0x00000000e4980000)
  to   space 10752K, 0% used [0x00000000e5f00000,0x00000000e5f00000,0x00000000e6980000)
 ParOldGen       total 123392K, used 12997K [0x00000000a0000000, 0x00000000a7880000, 0x00000000e0000000)
  object space 123392K, 10% used [0x00000000a0000000,0x00000000a0cb1788,0x00000000a7880000)
 Metaspace       used 29769K, capacity 30408K, committed 30720K, reserved 1075200K
  class space    used 4067K, capacity 4242K, committed 4352K, reserved 1048576K
Event: 2.538 GC heap after
Heap after GC invocations=5 (full 1):
 PSYoungGen      total 97280K, used 6995K [0x00000000e0000000, 0x00000000e6980000, 0x0000000100000000)
  eden space 86528K, 0% used [0x00000000e0000000,0x00000000e0000000,0x00000000e5480000)
  from space 10752K, 65% used [0x00000000e5f00000,0x00000000e65d4eb0,0x00000000e6980000)
  to   space 10752K, 0% used [0x00000000e5480000,0x00000000e5480000,0x00000000e5f00000)
 ParOldGen       total 123392K, used 13005K [0x00000000a0000000, 0x00000000a7880000, 0x00000000e0000000)
  object space 123392K, 10% used [0x00000000a0000000,0x00000000a0cb3788,0x00000000a7880000)
 Metaspace       used 29769K, capacity 30408K, committed 30720K, reserved 1075200K
  class space    used 4067K, capacity 4242K, committed 4352K, reserved 1048576K
}
Event: 3.068 GC heap before
{Heap before GC invocations=6 (full 1):
 PSYoungGen      total 97280K, used 55857K [0x00000000e0000000, 0x00000000e6980000, 0x0000000100000000)
  eden space 86528K, 56% used [0x00000000e0000000,0x00000000e2fb7870,0x00000000e5480000)
  from space 10752K, 65% used [0x00000000e5f00000,0x00000000e65d4eb0,0x00000000e6980000)
  to   space 10752K, 0% used [0x00000000e5480000,0x00000000e5480000,0x00000000e5f00000)
 ParOldGen       total 123392K, used 13005K [0x00000000a0000000, 0x00000000a7880000, 0x00000000e0000000)
  object space 123392K, 10% used [0x00000000a0000000,0x00000000a0cb3788,0x00000000a7880000)
 Metaspace       used 34501K, capacity 35236K, committed 35456K, reserved 1079296K
  class space    used 4655K, capacity 4877K, committed 4992K, reserved 1048576K
Event: 3.074 GC heap after
Heap after GC invocations=6 (full 1):
 PSYoungGen      total 97280K, used 10735K [0x00000000e0000000, 0x00000000e6980000, 0x0000000100000000)
  eden space 86528K, 0% used [0x00000000e0000000,0x00000000e0000000,0x00000000e5480000)
  from space 10752K, 99% used [0x00000000e5480000,0x00000000e5efbe38,0x00000000e5f00000)
  to   space 10752K, 0% used [0x00000000e5f00000,0x00000000e5f00000,0x00000000e6980000)
 ParOldGen       total 123392K, used 13389K [0x00000000a0000000, 0x00000000a7880000, 0x00000000e0000000)
  object space 123392K, 10% used [0x00000000a0000000,0x00000000a0d13600,0x00000000a7880000)
 Metaspace       used 34501K, capacity 35236K, committed 35456K, reserved 1079296K
  class space    used 4655K, capacity 4877K, committed 4992K, reserved 1048576K
}
Event: 3.075 GC heap before
{Heap before GC invocations=7 (full 2):
 PSYoungGen      total 97280K, used 10735K [0x00000000e0000000, 0x00000000e6980000, 0x0000000100000000)
  eden space 86528K, 0% used [0x00000000e0000000,0x00000000e0000000,0x00000000e5480000)
  from space 10752K, 99% used [0x00000000e5480000,0x00000000e5efbe38,0x00000000e5f00000)
  to   space 10752K, 0% used [0x00000000e5f00000,0x00000000e5f00000,0x00000000e6980000)
 ParOldGen       total 123392K, used 13389K [0x00000000a0000000, 0x00000000a7880000, 0x00000000e0000000)
  object space 123392K, 10% used [0x00000000a0000000,0x00000000a0d13600,0x00000000a7880000)
 Metaspace       used 34501K, capacity 35236K, committed 35456K, reserved 1079296K
  class space    used 4655K, capacity 4877K, committed 4992K, reserved 1048576K
Event: 3.118 GC heap after
Heap after GC invocations=7 (full 2):
 PSYoungGen      total 97280K, used 0K [0x00000000e0000000, 0x00000000e6980000, 0x0000000100000000)
  eden space 86528K, 0% used [0x00000000e0000000,0x00000000e0000000,0x00000000e5480000)
  from space 10752K, 0% used [0x00000000e5480000,0x00000000e5480000,0x00000000e5f00000)
  to   space 10752K, 0% used [0x00000000e5f00000,0x00000000e5f00000,0x00000000e6980000)
 ParOldGen       total 123392K, used 17485K [0x00000000a0000000, 0x00000000a7880000, 0x00000000e0000000)
  object space 123392K, 14% used [0x00000000a0000000,0x00000000a11137e8,0x00000000a7880000)
 Metaspace       used 34501K, capacity 35236K, committed 35456K, reserved 1079296K
  class space    used 4655K, capacity 4877K, committed 4992K, reserved 1048576K
}
Event: 3.558 GC heap before
{Heap before GC invocations=8 (full 2):
 PSYoungGen      total 97280K, used 86528K [0x00000000e0000000, 0x00000000e6980000, 0x0000000100000000)
  eden space 86528K, 100% used [0x00000000e0000000,0x00000000e5480000,0x00000000e5480000)
  from space 10752K, 0% used [0x00000000e5480000,0x00000000e5480000,0x00000000e5f00000)
  to   space 10752K, 0% used [0x00000000e5f00000,0x00000000e5f00000,0x00000000e6980000)
 ParOldGen       total 123392K, used 17485K [0x00000000a0000000, 0x00000000a7880000, 0x00000000e0000000)
  object space 123392K, 14% used [0x00000000a0000000,0x00000000a11137e8,0x00000000a7880000)
 Metaspace       used 39000K, capacity 39866K, committed 40192K, reserved 1083392K
  class space    used 5267K, capacity 5527K, committed 5632K, reserved 1048576K
Event: 3.563 GC heap after
Heap after GC invocations=8 (full 2):
 PSYoungGen      total 97280K, used 9209K [0x00000000e0000000, 0x00000000e6980000, 0x0000000100000000)
  eden space 86528K, 0% used [0x00000000e0000000,0x00000000e0000000,0x00000000e5480000)
  from space 10752K, 85% used [0x00000000e5f00000,0x00000000e67fe6a0,0x00000000e6980000)
  to   space 10752K, 0% used [0x00000000e5480000,0x00000000e5480000,0x00000000e5f00000)
 ParOldGen       total 123392K, used 17493K [0x00000000a0000000, 0x00000000a7880000, 0x00000000e0000000)
  object space 123392K, 14% used [0x00000000a0000000,0x00000000a11157e8,0x00000000a7880000)
 Metaspace       used 39000K, capacity 39866K, committed 40192K, reserved 1083392K
  class space    used 5267K, capacity 5527K, committed 5632K, reserved 1048576K
}
Event: 4.265 GC heap before
{Heap before GC invocations=9 (full 2):
 PSYoungGen      total 97280K, used 95737K [0x00000000e0000000, 0x00000000e6980000, 0x0000000100000000)
  eden space 86528K, 100% used [0x00000000e0000000,0x00000000e5480000,0x00000000e5480000)
  from space 10752K, 85% used [0x00000000e5f00000,0x00000000e67fe6a0,0x00000000e6980000)
  to   space 10752K, 0% used [0x00000000e5480000,0x00000000e5480000,0x00000000e5f00000)
 ParOldGen       total 123392K, used 17493K [0x00000000a0000000, 0x00000000a7880000, 0x00000000e0000000)
  object space 123392K, 14% used [0x00000000a0000000,0x00000000a11157e8,0x00000000a7880000)
 Metaspace       used 45618K, capacity 46856K, committed 46976K, reserved 1089536K
  class space    used 6179K, capacity 6450K, committed 6528K, reserved 1048576K
Event: 4.271 GC heap after
Heap after GC invocations=9 (full 2):
 PSYoungGen      total 97280K, used 10752K [0x00000000e0000000, 0x00000000e6980000, 0x0000000100000000)
  eden space 86528K, 0% used [0x00000000e0000000,0x00000000e0000000,0x00000000e5480000)
  from space 10752K, 100% used [0x00000000e5480000,0x00000000e5f00000,0x00000000e5f00000)
  to   space 10752K, 0% used [0x00000000e5f00000,0x00000000e5f00000,0x00000000e6980000)
 ParOldGen       total 123392K, used 20732K [0x00000000a0000000, 0x00000000a7880000, 0x00000000e0000000)
  object space 123392K, 16% used [0x00000000a0000000,0x00000000a143f198,0x00000000a7880000)
 Metaspace       used 45618K, capacity 46856K, committed 46976K, reserved 1089536K
  class space    used 6179K, capacity 6450K, committed 6528K, reserved 1048576K
}

